02:20:41 **** Incremental Build of configuration Debug for project test ****
Info: Internal Builder is used for build
gcc -O0 -g3 -Wall -c -fmessage-length=0 -o "src\\test.o" "..\\src\\test.c" 
..\src\test.c:18:5: error: expected specifier-qualifier-list before 'static'
     static int y;
     ^~~~~~
Info: Nothing to build for ex1
Info: Nothing to build for ex2
Info: Nothing to build for ex3
Info: Nothing to build for ex4
Info: Nothing to build for ex5
Info: Nothing to build for ex6
Info: Nothing to build for ex7
Info: Nothing to build for ex8
Info: Nothing to build for five
Info: Nothing to build for four
Info: Nothing to build for hw3ex1
Info: Nothing to build for hw3ex2
Info: Nothing to build for hw3ex3
Info: Nothing to build for hw3ex4
Info: Nothing to build for hw3ex5
Info: Nothing to build for hw3ex6
Info: Nothing to build for hw3ex7
Info: Nothing to build for hw3ex8
Info: Nothing to build for hw4ex1
Info: Nothing to build for hw4ex2
Info: Nothing to build for hw4ex3
Info: Nothing to build for hw4ex4
Info: Nothing to build for hw5ex1
Info: Nothing to build for hw5ex2
Info: Nothing to build for hw5ex3
Info: Nothing to build for hw5ex4
Info: Nothing to build for mtq1
Info: Nothing to build for mtq10
Info: Nothing to build for mtq2
Info: Nothing to build for mtq3
Info: Nothing to build for mtq4
Info: Nothing to build for mtq5
Info: Nothing to build for mtq6
Info: Nothing to build for mtq7
Info: Nothing to build for mtq8
Info: Nothing to build for mtq9
Info: Nothing to build for six
02:21:00 **** Incremental Build of configuration Debug for project test ****
Info: Internal Builder is used for build
gcc -O0 -g3 -Wall -c -fmessage-length=0 -o "src\\test.o" "..\\src\\test.c" 
gcc -o test.exe "src\\test.o" 
Info: Nothing to build for three
Info: Nothing to build for two
Info: Nothing to build for test
02:21:19 **** Incremental Build of configuration Debug for project test ****
Info: Internal Builder is used for build
gcc -O0 -g3 -Wall -c -fmessage-length=0 -o "src\\test.o" "..\\src\\test.c" 
gcc -o test.exe "src\\test.o" 
02:21:38 **** Incremental Build of configuration Debug for project test ****
Info: Internal Builder is used for build
gcc -O0 -g3 -Wall -c -fmessage-length=0 -o "src\\test.o" "..\\src\\test.c" 
gcc -o test.exe "src\\test.o" 
02:21:58 **** Incremental Build of configuration Debug for project test ****
Info: Internal Builder is used for build
gcc -O0 -g3 -Wall -c -fmessage-length=0 -o "src\\test.o" "..\\src\\test.c" 
..\src\test.c:17:9: error: width of 'i' exceeds its type
     int i:40;
         ^
02:23:11 **** Incremental Build of configuration Debug for project test ****
Info: Internal Builder is used for build
gcc -O0 -g3 -Wall -c -fmessage-length=0 -o "src\\test.o" "..\\src\\test.c" 
gcc -o test.exe "src\\test.o" 
02:23:23 **** Incremental Build of configuration Debug for project test ****
Info: Internal Builder is used for build
gcc -O0 -g3 -Wall -c -fmessage-length=0 -o "src\\test.o" "..\\src\\test.c" 
gcc -o test.exe "src\\test.o" 
02:23:29 **** Incremental Build of configuration Debug for project test ****
Info: Internal Builder is used for build
gcc -O0 -g3 -Wall -c -fmessage-length=0 -o "src\\test.o" "..\\src\\test.c" 
gcc -o test.exe "src\\test.o" 
02:23:41 **** Incremental Build of configuration Debug for project test ****
Info: Internal Builder is used for build
gcc -O0 -g3 -Wall -c -fmessage-length=0 -o "src\\test.o" "..\\src\\test.c" 
gcc -o test.exe "src\\test.o" 
02:23:49 **** Incremental Build of configuration Debug for project test ****
Info: Internal Builder is used for build
gcc -O0 -g3 -Wall -c -fmessage-length=0 -o "src\\test.o" "..\\src\\test.c" 
..\src\test.c:17:9: error: width of 'i' exceeds its type
     int i:33;
         ^
02:31:08 **** Incremental Build of configuration Debug for project test ****
Info: Internal Builder is used for build
gcc -O0 -g3 -Wall -c -fmessage-length=0 -o "src\\test.o" "..\\src\\test.c" 
..\src\test.c: In function 'main':
..\src\test.c:25:10: error: assignment to expression with array type
  bit.name="abosalah";
          ^
..\src\test.c:28:5: error: expected ';' before 'printf'
     printf("%s %d",bit.name,bit.age);  // Used %zu for the size, which is the correct format specifier for the result of sizeof
     ^~~~~~
..\src\test.c:24:12: warning: variable 'bit' set but not used [-Wunused-but-set-variable]
  struct st bit;
            ^~~
Info: Nothing to build for ex1
Info: Nothing to build for ex2
Info: Nothing to build for ex3
Info: Nothing to build for ex4
Info: Nothing to build for ex5
Info: Nothing to build for ex6
Info: Nothing to build for ex7
Info: Nothing to build for ex8
Info: Nothing to build for five
Info: Nothing to build for four
Info: Nothing to build for hw3ex1
Info: Nothing to build for hw3ex2
Info: Nothing to build for hw3ex3
Info: Nothing to build for hw3ex4
Info: Nothing to build for hw3ex5
Info: Nothing to build for hw3ex6
Info: Nothing to build for hw3ex7
Info: Nothing to build for hw3ex8
Info: Nothing to build for hw4ex1
Info: Nothing to build for hw4ex2
Info: Nothing to build for hw4ex3
Info: Nothing to build for hw4ex4
Info: Nothing to build for hw5ex1
Info: Nothing to build for hw5ex2
Info: Nothing to build for hw5ex3
Info: Nothing to build for hw5ex4
Info: Nothing to build for mtq1
Info: Nothing to build for mtq10
Info: Nothing to build for mtq2
Info: Nothing to build for mtq3
Info: Nothing to build for mtq4
Info: Nothing to build for mtq5
Info: Nothing to build for mtq6
Info: Nothing to build for mtq7
Info: Nothing to build for mtq8
Info: Nothing to build for mtq9
Info: Nothing to build for six
02:32:20 **** Incremental Build of configuration Debug for project test ****
Info: Internal Builder is used for build
gcc -O0 -g3 -Wall -c -fmessage-length=0 -o "src\\test.o" "..\\src\\test.c" 
..\src\test.c: In function 'main':
..\src\test.c:25:11: error: expected expression before ']' token
  bit.name[]="abosalah";
           ^
Info: Nothing to build for three
Info: Nothing to build for two
02:47:46 **** Incremental Build of configuration Debug for project test ****
Info: Internal Builder is used for build
gcc -O0 -g3 -Wall -c -fmessage-length=0 -o "src\\test.o" "..\\src\\test.c" 
..\src\test.c: In function 'main':
..\src\test.c:25:9: error: variable 'name' has initializer but incomplete type
  struct bit name = {"hello"};
         ^~~
..\src\test.c:25:21: warning: excess elements in struct initializer
  struct bit name = {"hello"};
                     ^~~~~~~
..\src\test.c:25:21: note: (near initialization for 'name')
..\src\test.c:25:13: error: storage size of 'name' isn't known
  struct bit name = {"hello"};
             ^~~~
..\src\test.c:25:13: warning: unused variable 'name' [-Wunused-variable]
02:58:18 **** Incremental Build of configuration Debug for project test ****
Info: Internal Builder is used for build
gcc -O0 -g3 -Wall -c -fmessage-length=0 -o "src\\test.o" "..\\src\\test.c" 
..\src\test.c: In function 'main':
..\src\test.c:21:16: error: field 'm' has incomplete type
      struct st m;
                ^
03:01:17 **** Incremental Build of configuration Debug for project test ****
Info: Internal Builder is used for build
gcc -O0 -g3 -Wall -c -fmessage-length=0 -o "src\\test.o" "..\\src\\test.c" 
gcc -o test.exe "src\\test.o" 
03:06:40 **** Incremental Build of configuration Debug for project test ****
Info: Internal Builder is used for build
gcc -O0 -g3 -Wall -c -fmessage-length=0 -o "src\\test.o" "..\\src\\test.c" 
gcc -o test.exe "src\\test.o" 
03:27:50 **** Incremental Build of configuration Debug for project test ****
Info: Internal Builder is used for build
gcc -O0 -g3 -Wall -c -fmessage-length=0 -o "src\\test.o" "..\\src\\test.c" 
gcc -o test.exe "src\\test.o" 
03:34:24 **** Incremental Build of configuration Debug for project test ****
Info: Internal Builder is used for build
gcc -O0 -g3 -Wall -c -fmessage-length=0 -o "src\\test.o" "..\\src\\test.c" 
..\src\test.c: In function 'main':
..\src\test.c:23:9: error: bit-field 'aho' has invalid type
   float aho:8;
         ^~~
03:35:34 **** Incremental Build of configuration Debug for project test ****
Info: Internal Builder is used for build
gcc -O0 -g3 -Wall -c -fmessage-length=0 -o "src\\test.o" "..\\src\\test.c" 
..\src\test.c: In function 'main':
..\src\test.c:17:15: error: bit-field 'aho' has invalid type
         float aho:8;
               ^~~
..\src\test.c:21:14: warning: unknown conversion type character 'z' in format [-Wformat=]
     printf("%zu", sizeof(x)); // Use %zu for size_t
              ^
..\src\test.c:21:12: warning: too many arguments for format [-Wformat-extra-args]
     printf("%zu", sizeof(x)); // Use %zu for size_t
            ^~~~~
03:44:42 **** Incremental Build of configuration Debug for project test ****
Info: Internal Builder is used for build
gcc -O0 -g3 -Wall -c -fmessage-length=0 -o "src\\test.o" "..\\src\\test.c" 
..\src\test.c: In function 'main':
..\src\test.c:23:5: error: expected ';' before 'return'
     return 0;
     ^~~~~~
03:44:56 **** Incremental Build of configuration Debug for project test ****
Info: Internal Builder is used for build
gcc -O0 -g3 -Wall -c -fmessage-length=0 -o "src\\test.o" "..\\src\\test.c" 
gcc -o test.exe "src\\test.o" 
04:12:00 **** Incremental Build of configuration Debug for project test ****
Info: Internal Builder is used for build
gcc -O0 -g3 -Wall -c -fmessage-length=0 -o "src\\test.o" "..\\src\\test.c" 
..\src\test.c: In function 'main':
..\src\test.c:21:21: warning: excess elements in union initializer
     union a u2 = {0,2};
                     ^
..\src\test.c:21:21: note: (near initialization for 'u2')
..\src\test.c:21:13: warning: unused variable 'u2' [-Wunused-variable]
     union a u2 = {0,2};
             ^~
..\src\test.c:20:13: warning: unused variable 'u1' [-Wunused-variable]
     union a u1 = {512};
             ^~
gcc -o test.exe "src\\test.o" 
04:53:23 **** Incremental Build of configuration Debug for project test ****
Info: Internal Builder is used for build
gcc -O0 -g3 -Wall -c -fmessage-length=0 -o "src\\test.o" "..\\src\\test.c" 
..\src\test.c:14:14: error: redeclaration of enumerator 'faild'
 enum result {faild,passed};
              ^~~~~
..\src\test.c:13:21: note: previous definition of 'faild' was here
 enum state {working,faild};
                     ^~~~~
05:02:13 **** Incremental Build of configuration Debug for project test ****
Info: Internal Builder is used for build
gcc -O0 -g3 -Wall -c -fmessage-length=0 -o "src\\test.o" "..\\src\\test.c" 
gcc -o test.exe "src\\test.o" 
05:07:28 **** Incremental Build of configuration Debug for project test ****
Info: Internal Builder is used for build
gcc -O0 -g3 -Wall -c -fmessage-length=0 -o "src\\test.o" "..\\src\\test.c" 
..\src\test.c: In function 'main':
..\src\test.c:19:33: error: lvalue required as increment operand
     printf("Current day: %d\n", ++MONDAY);
                                 ^~
..\src\test.c:14:15: warning: unused variable 'day' [-Wunused-variable]
     enum Days day;
               ^~~
Info: Nothing to build for ex1
Info: Nothing to build for ex2
Info: Nothing to build for ex3
Info: Nothing to build for ex4
Info: Nothing to build for ex5
Info: Nothing to build for ex6
Info: Nothing to build for ex7
Info: Nothing to build for ex8
Info: Nothing to build for five
Info: Nothing to build for four
Info: Nothing to build for hw3ex1
Info: Nothing to build for hw3ex2
Info: Nothing to build for hw3ex3
Info: Nothing to build for hw3ex4
Info: Nothing to build for hw3ex5
Info: Nothing to build for hw3ex6
Info: Nothing to build for hw3ex7
Info: Nothing to build for hw3ex8
Info: Nothing to build for hw4ex1
Info: Nothing to build for hw4ex2
Info: Nothing to build for hw4ex3
Info: Nothing to build for hw4ex4
Info: Nothing to build for hw5ex1
Info: Nothing to build for hw5ex2
Info: Nothing to build for hw5ex3
Info: Nothing to build for hw5ex4
20:12:28 **** Rebuild of configuration Debug for project hw5ex5 ****
Info: Internal Builder is used for build
gcc -O0 -g3 -Wall -c -fmessage-length=0 -o "src\\hw5ex5.o" "..\\src\\hw5ex5.c" 
gcc -o hw5ex5.exe "src\\hw5ex5.o" 
Info: Nothing to build for mtq1
Info: Nothing to build for mtq10
Info: Nothing to build for mtq2
Info: Nothing to build for mtq3
Info: Nothing to build for mtq4
Info: Nothing to build for mtq5
Info: Nothing to build for mtq6
Info: Nothing to build for mtq7
Info: Nothing to build for mtq8
Info: Nothing to build for mtq9
Info: Nothing to build for six
20:12:34 **** Incremental Build of configuration Debug for project test ****
Info: Internal Builder is used for build
gcc -O0 -g3 -Wall -c -fmessage-length=0 -o "src\\test.o" "..\\src\\test.c" 
..\src\test.c: In function 'main':
..\src\test.c:19:33: error: lvalue required as increment operand
     printf("Current day: %d\n", ++MONDAY);
                                 ^~
..\src\test.c:14:15: warning: unused variable 'day' [-Wunused-variable]
     enum Days day;
               ^~~
Info: Nothing to build for three
Info: Nothing to build for two
Info: Nothing to build for hw5ex5
20:13:39 **** Incremental Build of configuration Debug for project hw5ex5 ****
Info: Internal Builder is used for build
gcc -O0 -g3 -Wall -c -fmessage-length=0 -o "src\\hw5ex5.o" "..\\src\\hw5ex5.c" 
gcc -o hw5ex5.exe "src\\hw5ex5.o" 
20:14:10 **** Incremental Build of configuration Debug for project hw5ex5 ****
Info: Internal Builder is used for build
gcc -O0 -g3 -Wall -c -fmessage-length=0 -o "src\\hw5ex5.o" "..\\src\\hw5ex5.c" 
gcc -o hw5ex5.exe "src\\hw5ex5.o" 
20:50:52 **** Incremental Build of configuration Debug for project test ****
Info: Internal Builder is used for build
gcc -O0 -g3 -Wall -c -fmessage-length=0 -o "src\\test.o" "..\\src\\test.c" 
..\src\test.c:1:30: fatal error: nonexistent_file.h: No such file or directory
 #include "nonexistent_file.h"
                              ^
compilation terminated.
20:52:38 **** Incremental Build of configuration Debug for project test ****
Info: Internal Builder is used for build
gcc -O0 -g3 -Wall -c -fmessage-length=0 -o "src\\test.o" "..\\src\\test.c" 
gcc -o test.exe "src\\test.o" 
21:06:10 **** Incremental Build of configuration Debug for project test ****
Info: Internal Builder is used for build
gcc -O0 -g3 -Wall -c -fmessage-length=0 -o "src\\test.o" "..\\src\\test.c" 
gcc -o test.exe "src\\test.o" 
21:06:56 **** Incremental Build of configuration Debug for project test ****
Info: Internal Builder is used for build
gcc -O0 -g3 -Wall -c -fmessage-length=0 -o "src\\test.o" "..\\src\\test.c" 
..\src\test.c:9:1: error: unterminated comment
 /*int main() {
 ^
00:16:44 **** Incremental Build of configuration Debug for project test ****
Info: Internal Builder is used for build
gcc -O0 -g3 -Wall -c -fmessage-length=0 -o "src\\test.o" "..\\src\\test.c" 
..\src\test.c: In function 'main':
..\src\test.c:2:24: error: expected ')' before 't'
 #define swap(a,b,c) (c t:t=a,a=b,b=t)
                        ^
..\src\test.c:5:5: note: in expansion of macro 'swap'
     swap(x,y,int);
     ^~~~
..\src\test.c:5:18: error: expected expression before ';' token
     swap(x,y,int);
                  ^
..\src\test.c:6:20: error: 'x' undeclared (first use in this function)
     printf("%d %d",x,y);
                    ^
..\src\test.c:6:20: note: each undeclared identifier is reported only once for each function it appears in
..\src\test.c:6:22: error: 'y' undeclared (first use in this function)
     printf("%d %d",x,y);
                      ^
00:17:35 **** Incremental Build of configuration Debug for project test ****
Info: Internal Builder is used for build
gcc -O0 -g3 -Wall -c -fmessage-length=0 -o "src\\test.o" "..\\src\\test.c" 
..\src\test.c: In function 'main':
..\src\test.c:2:24: error: expected ')' before 't'
 #define swap(a,b,c) (c t:t=a,a=b,b=t)
                        ^
..\src\test.c:6:5: note: in expansion of macro 'swap'
     swap(x,y,int);
     ^~~~
..\src\test.c:6:18: error: expected expression before ';' token
     swap(x,y,int);
                  ^
00:23:25 **** Incremental Build of configuration Debug for project test ****
Info: Internal Builder is used for build
gcc -O0 -g3 -Wall -c -fmessage-length=0 -o "src\\test.o" "..\\src\\test.c" 
gcc -o test.exe "src\\test.o" 
00:23:54 **** Incremental Build of configuration Debug for project test ****
Info: Internal Builder is used for build
gcc -O0 -g3 -Wall -c -fmessage-length=0 -o "src\\test.o" "..\\src\\test.c" 
gcc -o test.exe "src\\test.o" 
00:26:18 **** Incremental Build of configuration Debug for project test ****
Info: Internal Builder is used for build
gcc -O0 -g3 -Wall -c -fmessage-length=0 -o "src\\test.o" "..\\src\\test.c" 
..\src\test.c: In function 'main':
..\src\test.c:7:25: warning: operation on 'a' may be undefined [-Wsequence-point]
..\src\test.c:3:26:
 #define SQUARE(x) ((x) * (x))
                          ~~~
..\src\test.c:7:25:
     int result = SQUARE(++a);
                          
..\src\test.c:3:27: note: in definition of macro 'SQUARE'
 #define SQUARE(x) ((x) * (x))
                           ^
gcc -o test.exe "src\\test.o" 
00:27:25 **** Incremental Build of configuration Debug for project test ****
Info: Internal Builder is used for build
gcc -O0 -g3 -Wall -c -fmessage-length=0 -o "src\\test.o" "..\\src\\test.c" 
..\src\test.c: In function 'main':
..\src\test.c:7:26: warning: operation on 'a' may be undefined [-Wsequence-point]
..\src\test.c:3:26:
 #define SQUARE(x) ((x) * (x))
                          ~~~
..\src\test.c:7:26:
     int result = SQUARE(a++);
                           
..\src\test.c:3:27: note: in definition of macro 'SQUARE'
 #define SQUARE(x) ((x) * (x))
                           ^
gcc -o test.exe "src\\test.o" 
00:28:22 **** Incremental Build of configuration Debug for project test ****
Info: Internal Builder is used for build
gcc -O0 -g3 -Wall -c -fmessage-length=0 -o "src\\test.o" "..\\src\\test.c" 
gcc -o test.exe "src\\test.o" 
00:28:34 **** Incremental Build of configuration Debug for project test ****
Info: Internal Builder is used for build
gcc -O0 -g3 -Wall -c -fmessage-length=0 -o "src\\test.o" "..\\src\\test.c" 
..\src\test.c: In function 'main':
..\src\test.c:7:25: warning: operation on 'a' may be undefined [-Wsequence-point]
..\src\test.c:3:26:
 #define SQUARE(x) ((x) * (x))
                          ~~~
..\src\test.c:7:25:
     int result = SQUARE(++a);
                          
..\src\test.c:3:27: note: in definition of macro 'SQUARE'
 #define SQUARE(x) ((x) * (x))
                           ^
gcc -o test.exe "src\\test.o" 
00:28:47 **** Incremental Build of configuration Debug for project test ****
Info: Internal Builder is used for build
gcc -O0 -g3 -Wall -c -fmessage-length=0 -o "src\\test.o" "..\\src\\test.c" 
..\src\test.c: In function 'main':
..\src\test.c:7:26: warning: operation on 'a' may be undefined [-Wsequence-point]
..\src\test.c:3:26:
 #define SQUARE(x) ((x) * (x))
                          ~~~
..\src\test.c:7:26:
     int result = SQUARE(a++);
                           
..\src\test.c:3:27: note: in definition of macro 'SQUARE'
 #define SQUARE(x) ((x) * (x))
                           ^
gcc -o test.exe "src\\test.o" 
00:40:45 **** Incremental Build of configuration Debug for project test ****
Info: Internal Builder is used for build
gcc -O0 -g3 -Wall -c -fmessage-length=0 -o "src\\test.o" "..\\src\\test.c" 
..\src\test.c: In function 'main':
..\src\test.c:7:25: warning: operation on 'a' may be undefined [-Wsequence-point]
..\src\test.c:3:26:
 #define SQUARE(x) ((x) * (x))
                          ~~~
..\src\test.c:7:25:
     int result = SQUARE(++a);
                          
..\src\test.c:3:27: note: in definition of macro 'SQUARE'
 #define SQUARE(x) ((x) * (x))
                           ^
gcc -o test.exe "src\\test.o" 
00:56:41 **** Incremental Build of configuration Debug for project test ****
Info: Internal Builder is used for build
gcc -O0 -g3 -Wall -c -fmessage-length=0 -o "src\\test.o" "..\\src\\test.c" 
gcc -o test.exe "src\\test.o" 
01:09:45 **** Incremental Build of configuration Debug for project test ****
Info: Internal Builder is used for build
gcc -O0 -g3 -Wall -c -fmessage-length=0 -o "src\\test.o" "..\\src\\test.c" 
..\src\test.c: In function 'main':
..\src\test.c:4:15: warning: too many arguments for format [-Wformat-extra-args]
 #define scanf "goodnews"
               ^
..\src\test.c:7:12: note: in expansion of macro 'scanf'
     printf(scanf,scanf);
            ^~~~~
gcc -o test.exe "src\\test.o" 
01:10:13 **** Incremental Build of configuration Debug for project test ****
Info: Internal Builder is used for build
gcc -O0 -g3 -Wall -c -fmessage-length=0 -o "src\\test.o" "..\\src\\test.c" 
gcc -o test.exe "src\\test.o" 
01:16:10 **** Incremental Build of configuration Debug for project test ****
Info: Internal Builder is used for build
gcc -O0 -g3 -Wall -c -fmessage-length=0 -o "src\\test.o" "..\\src\\test.c" 
..\src\test.c: In function 'main':
..\src\test.c:5:18: error: expected expression before '{' token
 #define manga(x) {x*x*x}
                  ^
..\src\test.c:9:17: note: in expansion of macro 'manga'
     printf("%d",manga(3));
                 ^~~~~
01:16:38 **** Incremental Build of configuration Debug for project test ****
Info: Internal Builder is used for build
gcc -O0 -g3 -Wall -c -fmessage-length=0 -o "src\\test.o" "..\\src\\test.c" 
..\src\test.c: In function 'main':
..\src\test.c:5:17: error: expected expression before '{' token
 #define manga(x){x*x*x}
                 ^
..\src\test.c:9:17: note: in expansion of macro 'manga'
     printf("%d",manga(3));
                 ^~~~~
01:16:52 **** Incremental Build of configuration Debug for project test ****
Info: Internal Builder is used for build
gcc -O0 -g3 -Wall -c -fmessage-length=0 -o "src\\test.o" "..\\src\\test.c" 
gcc -o test.exe "src\\test.o" 
01:38:29 **** Incremental Build of configuration Debug for project test ****
Info: Internal Builder is used for build
gcc -O0 -g3 -Wall -c -fmessage-length=0 -o "src\\test.o" "..\\src\\test.c" 
..\src\test.c: In function 'main':
..\src\test.c:8:6: error: #elif with no expression
 #elif
      ^
01:38:46 **** Incremental Build of configuration Debug for project test ****
Info: Internal Builder is used for build
gcc -O0 -g3 -Wall -c -fmessage-length=0 -o "src\\test.o" "..\\src\\test.c" 
gcc -o test.exe "src\\test.o" 
01:40:02 **** Incremental Build of configuration Debug for project test ****
Info: Internal Builder is used for build
gcc -O0 -g3 -Wall -c -fmessage-length=0 -o "src\\test.o" "..\\src\\test.c" 
gcc -o test.exe "src\\test.o" 
01:40:48 **** Incremental Build of configuration Debug for project test ****
Info: Internal Builder is used for build
gcc -O0 -g3 -Wall -c -fmessage-length=0 -o "src\\test.o" "..\\src\\test.c" 
..\src\test.c: In function 'main':
..\src\test.c:6:0: error: unterminated #elif
 #if a
 
..\src\test.c:5:1: error: expected declaration or statement at end of input
 {
 ^
22:59:29 **** Incremental Build of configuration Debug for project test ****
Info: Internal Builder is used for build
gcc -O0 -g3 -Wall -c -fmessage-length=0 -o "src\\test.o" "..\\src\\test.c" 
gcc -o test.exe "src\\test.o" 
Info: Nothing to build for test
23:12:18 **** Incremental Build of configuration Debug for project test ****
Info: Internal Builder is used for build
gcc -O0 -g3 -Wall -c -fmessage-length=0 -o "src\\test.o" "..\\src\\test.c" 
..\src\test.c: In function 'main':
..\src\test.c:3:12: error: 'x' undeclared (first use in this function)
 #define y (x + 3)
            ^
..\src\test.c:4:12: note: in expansion of macro 'y'
 #define x (y - 1)
            ^
..\src\test.c:7:22: note: in expansion of macro 'x'
     printf("%d", 4 * x + 2);
                      ^
..\src\test.c:3:12: note: each undeclared identifier is reported only once for each function it appears in
 #define y (x + 3)
            ^
..\src\test.c:4:12: note: in expansion of macro 'y'
 #define x (y - 1)
            ^
..\src\test.c:7:22: note: in expansion of macro 'x'
     printf("%d", 4 * x + 2);
                      ^
23:20:18 **** Incremental Build of configuration Debug for project test ****
Info: Internal Builder is used for build
gcc -O0 -g3 -Wall -c -fmessage-length=0 -o "src\\test.o" "..\\src\\test.c" 
..\src\test.c: In function 'main':
..\src\test.c:5:6: error: lvalue required as increment operand
  if(i++<lim)\
      ^
..\src\test.c:13:2: note: in expansion of macro 'hit'
  hit(0,3);
  ^~~
